{
"contracts/dynamicSvgNft.sol":{"l":{"27":3,"28":3,"31":3,"32":3,"54":6,"55":6,"56":6,"58":6,"68":6,"69":6,"72":6,"76":2,"82":3,"83":1,"85":2,"87":2,"88":2,"89":1,"92":2,"113":1,"117":1,"121":1,"125":4},"path":"/home/pratyush-ranjan/Documents/extra-carricular/blockchain/nft-learningf-fcc/contracts/dynamicSvgNft.sol","s":{"1":6,"2":6,"3":6,"4":6,"5":6,"6":2,"7":3,"8":2,"9":2,"10":2,"11":2,"12":1,"13":1,"14":1,"15":4},"b":{"1":[1,2],"2":[1,1]},"f":{"1":3,"2":6,"3":6,"4":2,"5":3,"6":1,"7":1,"8":1,"9":4},"fnMap":{"1":{"name":"constructor","line":26,"loc":{"start":{"line":22,"column":2},"end":{"line":33,"column":2}}},"2":{"name":"mintNft","line":53,"loc":{"start":{"line":53,"column":2},"end":{"line":59,"column":2}}},"3":{"name":"svgToImageURI","line":62,"loc":{"start":{"line":62,"column":2},"end":{"line":73,"column":2}}},"4":{"name":"_baseURI","line":75,"loc":{"start":{"line":75,"column":2},"end":{"line":77,"column":2}}},"5":{"name":"tokenURI","line":79,"loc":{"start":{"line":79,"column":2},"end":{"line":110,"column":2}}},"6":{"name":"getLowSVG","line":112,"loc":{"start":{"line":112,"column":2},"end":{"line":114,"column":2}}},"7":{"name":"getHighSVG","line":116,"loc":{"start":{"line":116,"column":2},"end":{"line":118,"column":2}}},"8":{"name":"getPriceFeed","line":120,"loc":{"start":{"line":120,"column":2},"end":{"line":122,"column":2}}},"9":{"name":"getTokenCounter","line":124,"loc":{"start":{"line":124,"column":2},"end":{"line":126,"column":2}}}},"statementMap":{"1":{"start":{"line":56,"column":4},"end":{"line":56,"column":40}},"2":{"start":{"line":58,"column":4},"end":{"line":58,"column":46}},"3":{"start":{"line":68,"column":4},"end":{"line":68,"column":56}},"4":{"start":{"line":69,"column":4},"end":{"line":69,"column":2324}},"5":{"start":{"line":72,"column":4},"end":{"line":72,"column":62}},"6":{"start":{"line":76,"column":4},"end":{"line":76,"column":42}},"7":{"start":{"line":82,"column":4},"end":{"line":82,"column":2714}},"8":{"start":{"line":85,"column":4},"end":{"line":85,"column":58}},"9":{"start":{"line":87,"column":4},"end":{"line":87,"column":42}},"10":{"start":{"line":88,"column":4},"end":{"line":88,"column":2916}},"11":{"start":{"line":92,"column":4},"end":{"line":92,"column":3010}},"12":{"start":{"line":113,"column":4},"end":{"line":113,"column":24}},"13":{"start":{"line":117,"column":4},"end":{"line":117,"column":25}},"14":{"start":{"line":121,"column":4},"end":{"line":121,"column":22}},"15":{"start":{"line":125,"column":4},"end":{"line":125,"column":25}}},"branchMap":{"1":{"line":82,"type":"if","locations":[{"start":{"line":82,"column":4},"end":{"line":82,"column":4}},{"start":{"line":82,"column":4},"end":{"line":82,"column":4}}]},"2":{"line":88,"type":"if","locations":[{"start":{"line":88,"column":4},"end":{"line":88,"column":4}},{"start":{"line":88,"column":4},"end":{"line":88,"column":4}}]}}},
"contracts/randomNft.sol":{"l":{"53":6,"54":6,"55":6,"56":6,"57":6,"58":6,"59":6,"63":4,"64":2,"66":2,"74":2,"75":2,"82":1,"83":1,"84":1,"85":1,"86":1,"87":1,"88":1,"89":1,"93":5,"97":6,"98":0,"100":6,"101":6,"107":5,"108":5,"109":5,"113":12,"114":4,"116":8,"118":1,"122":0,"123":0,"124":0,"125":0,"130":3,"134":1,"138":1,"142":1},"path":"/home/pratyush-ranjan/Documents/extra-carricular/blockchain/nft-learningf-fcc/contracts/randomNft.sol","s":{"1":6,"2":4,"3":2,"4":1,"5":1,"6":1,"7":1,"8":1,"9":1,"10":1,"11":5,"12":6,"13":5,"14":5,"15":5,"16":12,"17":4,"18":0,"19":0,"20":0,"21":3,"22":1,"23":1,"24":1},"b":{"1":[2,2],"2":[0,6],"3":[4,8],"4":[0,0],"5":[0,0]},"f":{"1":6,"2":4,"3":1,"4":5,"5":6,"6":5,"7":0,"8":3,"9":1,"10":1,"11":1},"fnMap":{"1":{"name":"constructor","line":52,"loc":{"start":{"line":45,"column":2},"end":{"line":60,"column":2}}},"2":{"name":"requestNft","line":62,"loc":{"start":{"line":62,"column":2},"end":{"line":76,"column":2}}},"3":{"name":"fulfillRandomWords","line":78,"loc":{"start":{"line":78,"column":2},"end":{"line":90,"column":2}}},"4":{"name":"getChanceArray","line":92,"loc":{"start":{"line":92,"column":2},"end":{"line":94,"column":2}}},"5":{"name":"_initializeContract","line":96,"loc":{"start":{"line":96,"column":2},"end":{"line":102,"column":2}}},"6":{"name":"getBreedFromModdedRng","line":104,"loc":{"start":{"line":104,"column":2},"end":{"line":119,"column":2}}},"7":{"name":"withdraw","line":121,"loc":{"start":{"line":121,"column":2},"end":{"line":127,"column":2}}},"8":{"name":"getMintFee","line":129,"loc":{"start":{"line":129,"column":2},"end":{"line":131,"column":2}}},"9":{"name":"getDogTokenUris","line":133,"loc":{"start":{"line":133,"column":2},"end":{"line":135,"column":2}}},"10":{"name":"getInitialized","line":137,"loc":{"start":{"line":137,"column":2},"end":{"line":139,"column":2}}},"11":{"name":"getTokenCounter","line":141,"loc":{"start":{"line":141,"column":2},"end":{"line":143,"column":2}}}},"statementMap":{"1":{"start":{"line":58,"column":4},"end":{"line":58,"column":36}},"2":{"start":{"line":63,"column":4},"end":{"line":63,"column":2014}},"3":{"start":{"line":75,"column":4},"end":{"line":75,"column":44}},"4":{"start":{"line":82,"column":4},"end":{"line":82,"column":53}},"5":{"start":{"line":83,"column":4},"end":{"line":83,"column":38}},"6":{"start":{"line":85,"column":4},"end":{"line":85,"column":57}},"7":{"start":{"line":86,"column":4},"end":{"line":86,"column":53}},"8":{"start":{"line":87,"column":4},"end":{"line":87,"column":33}},"9":{"start":{"line":88,"column":4},"end":{"line":88,"column":61}},"10":{"start":{"line":89,"column":4},"end":{"line":89,"column":38}},"11":{"start":{"line":93,"column":4},"end":{"line":93,"column":37}},"12":{"start":{"line":97,"column":4},"end":{"line":97,"column":3065}},"13":{"start":{"line":107,"column":4},"end":{"line":107,"column":29}},"14":{"start":{"line":108,"column":4},"end":{"line":108,"column":52}},"15":{"start":{"line":109,"column":4},"end":{"line":109,"column":3387}},"16":{"start":{"line":113,"column":6},"end":{"line":113,"column":3547}},"17":{"start":{"line":114,"column":8},"end":{"line":114,"column":23}},"18":{"start":{"line":122,"column":4},"end":{"line":122,"column":42}},"19":{"start":{"line":123,"column":4},"end":{"line":123,"column":68}},"20":{"start":{"line":124,"column":4},"end":{"line":124,"column":3896}},"21":{"start":{"line":130,"column":4},"end":{"line":130,"column":20}},"22":{"start":{"line":134,"column":4},"end":{"line":134,"column":32}},"23":{"start":{"line":138,"column":4},"end":{"line":138,"column":24}},"24":{"start":{"line":142,"column":4},"end":{"line":142,"column":25}}},"branchMap":{"1":{"line":63,"type":"if","locations":[{"start":{"line":63,"column":4},"end":{"line":63,"column":4}},{"start":{"line":63,"column":4},"end":{"line":63,"column":4}}]},"2":{"line":97,"type":"if","locations":[{"start":{"line":97,"column":4},"end":{"line":97,"column":4}},{"start":{"line":97,"column":4},"end":{"line":97,"column":4}}]},"3":{"line":113,"type":"if","locations":[{"start":{"line":113,"column":6},"end":{"line":113,"column":6}},{"start":{"line":113,"column":6},"end":{"line":113,"column":6}}]},"4":{"line":121,"type":"if","locations":[{"start":{"line":121,"column":29},"end":{"line":121,"column":29}},{"start":{"line":121,"column":29},"end":{"line":121,"column":29}}]},"5":{"line":124,"type":"if","locations":[{"start":{"line":124,"column":4},"end":{"line":124,"column":4}},{"start":{"line":124,"column":4},"end":{"line":124,"column":4}}]}}},
"contracts/simpleNft.sol":{"l":{"12":6,"16":2,"17":2,"23":1,"27":1,"31":2},"path":"/home/pratyush-ranjan/Documents/extra-carricular/blockchain/nft-learningf-fcc/contracts/simpleNft.sol","s":{"1":2,"2":1,"3":1,"4":2},"b":{"1":[1,0]},"f":{"1":6,"2":2,"3":1,"4":2},"fnMap":{"1":{"name":"constructor","line":11,"loc":{"start":{"line":11,"column":2},"end":{"line":13,"column":2}}},"2":{"name":"mintNft","line":15,"loc":{"start":{"line":15,"column":2},"end":{"line":18,"column":2}}},"3":{"name":"tokenURI","line":20,"loc":{"start":{"line":20,"column":2},"end":{"line":28,"column":2}}},"4":{"name":"getTokenCounter","line":30,"loc":{"start":{"line":30,"column":2},"end":{"line":32,"column":2}}}},"statementMap":{"1":{"start":{"line":16,"column":4},"end":{"line":16,"column":40}},"2":{"start":{"line":23,"column":4},"end":{"line":23,"column":603}},"3":{"start":{"line":27,"column":4},"end":{"line":27,"column":20}},"4":{"start":{"line":31,"column":4},"end":{"line":31,"column":25}}},"branchMap":{"1":{"line":23,"type":"if","locations":[{"start":{"line":23,"column":4},"end":{"line":23,"column":4}},{"start":{"line":23,"column":4},"end":{"line":23,"column":4}}]}}},
"contracts/test/mockv3Aggregator.sol":{"l":{},"path":"/home/pratyush-ranjan/Documents/extra-carricular/blockchain/nft-learningf-fcc/contracts/test/mockv3Aggregator.sol","s":{},"b":{},"f":{},"fnMap":{},"statementMap":{},"branchMap":{}},
"contracts/test/VRFCoordinator.sol":{"l":{},"path":"/home/pratyush-ranjan/Documents/extra-carricular/blockchain/nft-learningf-fcc/contracts/test/VRFCoordinator.sol","s":{},"b":{},"f":{},"fnMap":{},"statementMap":{},"branchMap":{}}}
