TN:
SF:/home/pratyush-ranjan/Documents/extra-carricular/blockchain/nft-learningf-fcc/contracts/dynamicSvgNft.sol
FN:26,constructor
FN:53,mintNft
FN:62,svgToImageURI
FN:75,_baseURI
FN:79,tokenURI
FN:112,getLowSVG
FN:116,getHighSVG
FN:120,getPriceFeed
FN:124,getTokenCounter
FNF:9
FNH:9
FNDA:3,constructor
FNDA:6,mintNft
FNDA:6,svgToImageURI
FNDA:2,_baseURI
FNDA:3,tokenURI
FNDA:1,getLowSVG
FNDA:1,getHighSVG
FNDA:1,getPriceFeed
FNDA:4,getTokenCounter
DA:27,3
DA:28,3
DA:31,3
DA:32,3
DA:54,6
DA:55,6
DA:56,6
DA:58,6
DA:68,6
DA:69,6
DA:72,6
DA:76,2
DA:82,3
DA:83,1
DA:85,2
DA:87,2
DA:88,2
DA:89,1
DA:92,2
DA:113,1
DA:117,1
DA:121,1
DA:125,4
LF:23
LH:23
BRDA:82,1,0,1
BRDA:82,1,1,2
BRDA:88,2,0,1
BRDA:88,2,1,1
BRF:4
BRH:4
end_of_record
TN:
SF:/home/pratyush-ranjan/Documents/extra-carricular/blockchain/nft-learningf-fcc/contracts/randomNft.sol
FN:52,constructor
FN:62,requestNft
FN:78,fulfillRandomWords
FN:92,getChanceArray
FN:96,_initializeContract
FN:104,getBreedFromModdedRng
FN:121,withdraw
FN:129,getMintFee
FN:133,getDogTokenUris
FN:137,getInitialized
FN:141,getTokenCounter
FNF:11
FNH:10
FNDA:6,constructor
FNDA:4,requestNft
FNDA:1,fulfillRandomWords
FNDA:5,getChanceArray
FNDA:6,_initializeContract
FNDA:5,getBreedFromModdedRng
FNDA:0,withdraw
FNDA:3,getMintFee
FNDA:1,getDogTokenUris
FNDA:1,getInitialized
FNDA:1,getTokenCounter
DA:53,6
DA:54,6
DA:55,6
DA:56,6
DA:57,6
DA:58,6
DA:59,6
DA:63,4
DA:64,2
DA:66,2
DA:74,2
DA:75,2
DA:82,1
DA:83,1
DA:84,1
DA:85,1
DA:86,1
DA:87,1
DA:88,1
DA:89,1
DA:93,5
DA:97,6
DA:98,0
DA:100,6
DA:101,6
DA:107,5
DA:108,5
DA:109,5
DA:113,12
DA:114,4
DA:116,8
DA:118,1
DA:122,0
DA:123,0
DA:124,0
DA:125,0
DA:130,3
DA:134,1
DA:138,1
DA:142,1
LF:40
LH:35
BRDA:63,1,0,2
BRDA:63,1,1,2
BRDA:97,2,0,0
BRDA:97,2,1,6
BRDA:113,3,0,4
BRDA:113,3,1,8
BRDA:121,4,0,0
BRDA:121,4,1,0
BRDA:124,5,0,0
BRDA:124,5,1,0
BRF:10
BRH:5
end_of_record
TN:
SF:/home/pratyush-ranjan/Documents/extra-carricular/blockchain/nft-learningf-fcc/contracts/simpleNft.sol
FN:11,constructor
FN:15,mintNft
FN:20,tokenURI
FN:30,getTokenCounter
FNF:4
FNH:4
FNDA:6,constructor
FNDA:2,mintNft
FNDA:1,tokenURI
FNDA:2,getTokenCounter
DA:12,6
DA:16,2
DA:17,2
DA:23,1
DA:27,1
DA:31,2
LF:6
LH:6
BRDA:23,1,0,1
BRDA:23,1,1,0
BRF:2
BRH:1
end_of_record
TN:
SF:/home/pratyush-ranjan/Documents/extra-carricular/blockchain/nft-learningf-fcc/contracts/test/mockv3Aggregator.sol
FNF:0
FNH:0
LF:0
LH:0
BRF:0
BRH:0
end_of_record
TN:
SF:/home/pratyush-ranjan/Documents/extra-carricular/blockchain/nft-learningf-fcc/contracts/test/VRFCoordinator.sol
FNF:0
FNH:0
LF:0
LH:0
BRF:0
BRH:0
end_of_record
